<?xml version="1.0" encoding="UTF-8"?>
<testsuite xmlns:xsi="http://www.w3.org/2001/XMLSchema-instance" xsi:noNamespaceSchemaLocation="https://maven.apache.org/surefire/maven-surefire-plugin/xsd/surefire-test-report-3.0.xsd" version="3.0" name="com.ou.capstone.PredictionValidatorTest" time="0.146" tests="7" errors="0" skipped="0" failures="0">
  <properties>
[...]
</properties>
  <testcase name="blankPredictedWinnerFails" classname="com.ou.capstone.PredictionValidatorTest" time="0.023"/>
  <testcase name="emptyMethodAndOverOneConfidenceFails" classname="com.ou.capstone.PredictionValidatorTest" time="0.0"/>
  <testcase name="validPredictionPasses" classname="com.ou.capstone.PredictionValidatorTest" time="0.0"/>
  <testcase name="confidenceBoundaries(String, String, double)[1]" classname="com.ou.capstone.PredictionValidatorTest" time="0.031"/>
  <testcase name="confidenceBoundaries(String, String, double)[2]" classname="com.ou.capstone.PredictionValidatorTest" time="0.001"/>
  <testcase name="confidenceBoundaries(String, String, double)[3]" classname="com.ou.capstone.PredictionValidatorTest" time="0.0"/>
  <testcase name="confidenceBoundaries(String, String, double)[4]" classname="com.ou.capstone.PredictionValidatorTest" time="0.001"/>
</testsuite>